<?xml version="1.0" encoding="UTF-8"?>
<!-- Generated by org.testng.reporters.JUnitXMLReporter -->
<testsuite ignored="0" hostname="LAPTOP-47V8HSKJ" failures="0" tests="3" name="Default test" time="25.054" errors="0" timestamp="2023-01-16T10:32:39 EST">
  <testcase classname="com.crm.qa.testcases.LoginPageTest" name="loginPageTitleTest" time="0.014"/>
  <testcase classname="com.crm.qa.testcases.LoginPageTest" name="crmLogoImageTest" time="0.069"/>
  <testcase classname="com.crm.qa.testcases.LoginPageTest" name="loginTest" time="12.393"/>
</testsuite> <!-- Default test -->
