<?xml version="1.0" encoding="UTF-8"?>
<testng-results ignored="0" total="3" passed="3" failed="0" skipped="0">
  <reporter-output>
  </reporter-output>
  <suite started-at="2023-01-16T10:32:14 EST" name="Default suite" finished-at="2023-01-16T10:32:39 EST" duration-ms="25054">
    <groups>
    </groups>
    <test started-at="2023-01-16T10:32:14 EST" name="Default test" finished-at="2023-01-16T10:32:39 EST" duration-ms="25054">
      <class name="com.crm.qa.testcases.LoginPageTest">
        <test-method is-config="true" signature="setUp()[pri:0, instance:com.crm.qa.testcases.LoginPageTest@25fb8912]" started-at="2023-01-16T10:32:14 EST" name="setUp" finished-at="2023-01-16T10:32:18 EST" duration-ms="3823" status="PASS">
          <reporter-output>
          </reporter-output>
        </test-method> <!-- setUp -->
        <test-method signature="loginPageTitleTest()[pri:1, instance:com.crm.qa.testcases.LoginPageTest@25fb8912]" started-at="2023-01-16T10:32:18 EST" name="loginPageTitleTest" finished-at="2023-01-16T10:32:18 EST" duration-ms="14" status="PASS">
          <reporter-output>
          </reporter-output>
        </test-method> <!-- loginPageTitleTest -->
        <test-method is-config="true" signature="tearDown()[pri:0, instance:com.crm.qa.testcases.LoginPageTest@25fb8912]" started-at="2023-01-16T10:32:18 EST" name="tearDown" finished-at="2023-01-16T10:32:19 EST" duration-ms="689" status="PASS">
          <reporter-output>
          </reporter-output>
        </test-method> <!-- tearDown -->
        <test-method is-config="true" signature="setUp()[pri:0, instance:com.crm.qa.testcases.LoginPageTest@25fb8912]" started-at="2023-01-16T10:32:19 EST" name="setUp" finished-at="2023-01-16T10:32:22 EST" duration-ms="3369" status="PASS">
          <reporter-output>
          </reporter-output>
        </test-method> <!-- setUp -->
        <test-method signature="crmLogoImageTest()[pri:2, instance:com.crm.qa.testcases.LoginPageTest@25fb8912]" started-at="2023-01-16T10:32:22 EST" name="crmLogoImageTest" finished-at="2023-01-16T10:32:22 EST" duration-ms="69" status="PASS">
          <reporter-output>
          </reporter-output>
        </test-method> <!-- crmLogoImageTest -->
        <test-method is-config="true" signature="tearDown()[pri:0, instance:com.crm.qa.testcases.LoginPageTest@25fb8912]" started-at="2023-01-16T10:32:22 EST" name="tearDown" finished-at="2023-01-16T10:32:23 EST" duration-ms="666" status="PASS">
          <reporter-output>
          </reporter-output>
        </test-method> <!-- tearDown -->
        <test-method is-config="true" signature="setUp()[pri:0, instance:com.crm.qa.testcases.LoginPageTest@25fb8912]" started-at="2023-01-16T10:32:23 EST" name="setUp" finished-at="2023-01-16T10:32:26 EST" duration-ms="3352" status="PASS">
          <reporter-output>
          </reporter-output>
        </test-method> <!-- setUp -->
        <test-method signature="loginTest()[pri:3, instance:com.crm.qa.testcases.LoginPageTest@25fb8912]" started-at="2023-01-16T10:32:26 EST" name="loginTest" finished-at="2023-01-16T10:32:38 EST" duration-ms="12393" status="PASS">
          <reporter-output>
          </reporter-output>
        </test-method> <!-- loginTest -->
        <test-method is-config="true" signature="tearDown()[pri:0, instance:com.crm.qa.testcases.LoginPageTest@25fb8912]" started-at="2023-01-16T10:32:38 EST" name="tearDown" finished-at="2023-01-16T10:32:39 EST" duration-ms="636" status="PASS">
          <reporter-output>
          </reporter-output>
        </test-method> <!-- tearDown -->
      </class> <!-- com.crm.qa.testcases.LoginPageTest -->
    </test> <!-- Default test -->
  </suite> <!-- Default suite -->
</testng-results>
